The system is: FreeBSD - 10.2-RELEASE-p7 - amd64
Compiling the C compiler identification source file "CMakeCCompilerId.c" succeeded.
Compiler: /usr/bin/cc 
Build flags: 
Id flags: 

The output was:
0


Compilation of the C compiler identification source "CMakeCCompilerId.c" produced "a.out"

The C compiler identification is Clang, found in "/home/t.sato/Work/DBM/build/CMakeFiles/3.3.1/CompilerIdC/a.out"

Compiling the CXX compiler identification source file "CMakeCXXCompilerId.cpp" succeeded.
Compiler: /usr/bin/CC 
Build flags: 
Id flags: 

The output was:
0


Compilation of the CXX compiler identification source "CMakeCXXCompilerId.cpp" produced "a.out"

The CXX compiler identification is Clang, found in "/home/t.sato/Work/DBM/build/CMakeFiles/3.3.1/CompilerIdCXX/a.out"

Determining if the C compiler works passed with the following output:
Change Dir: /home/t.sato/Work/DBM/build/CMakeFiles/CMakeTmp

Run Build Command:"/usr/local/bin/gmake" "cmTC_a1962/fast"
/usr/local/bin/gmake -f CMakeFiles/cmTC_a1962.dir/build.make CMakeFiles/cmTC_a1962.dir/build
gmake[1]: Entering directory '/usr/home/t.sato/nfs/t.sato/DBM/build/CMakeFiles/CMakeTmp'
Building C object CMakeFiles/cmTC_a1962.dir/testCCompiler.c.o
/usr/bin/cc    -o CMakeFiles/cmTC_a1962.dir/testCCompiler.c.o   -c /home/t.sato/Work/DBM/build/CMakeFiles/CMakeTmp/testCCompiler.c
Linking C executable cmTC_a1962
/usr/local/bin/cmake -E cmake_link_script CMakeFiles/cmTC_a1962.dir/link.txt --verbose=1
/usr/bin/cc       CMakeFiles/cmTC_a1962.dir/testCCompiler.c.o  -o cmTC_a1962  
gmake[1]: Leaving directory '/usr/home/t.sato/nfs/t.sato/DBM/build/CMakeFiles/CMakeTmp'


Detecting C compiler ABI info compiled with the following output:
Change Dir: /home/t.sato/Work/DBM/build/CMakeFiles/CMakeTmp

Run Build Command:"/usr/local/bin/gmake" "cmTC_d4461/fast"
/usr/local/bin/gmake -f CMakeFiles/cmTC_d4461.dir/build.make CMakeFiles/cmTC_d4461.dir/build
gmake[1]: Entering directory '/usr/home/t.sato/nfs/t.sato/DBM/build/CMakeFiles/CMakeTmp'
Building C object CMakeFiles/cmTC_d4461.dir/CMakeCCompilerABI.c.o
/usr/bin/cc    -o CMakeFiles/cmTC_d4461.dir/CMakeCCompilerABI.c.o   -c /usr/local/share/cmake/Modules/CMakeCCompilerABI.c
Linking C executable cmTC_d4461
/usr/local/bin/cmake -E cmake_link_script CMakeFiles/cmTC_d4461.dir/link.txt --verbose=1
/usr/bin/cc      -v CMakeFiles/cmTC_d4461.dir/CMakeCCompilerABI.c.o  -o cmTC_d4461   
FreeBSD clang version 3.4.1 (tags/RELEASE_34/dot1-final 208032) 20140512
Target: x86_64-unknown-freebsd10.2
Thread model: posix
Selected GCC installation: 
 "/usr/bin/ld" --eh-frame-hdr -dynamic-linker /libexec/ld-elf.so.1 --hash-style=both --enable-new-dtags -o cmTC_d4461 /usr/lib/crt1.o /usr/lib/crti.o /usr/lib/crtbegin.o -L/usr/lib CMakeFiles/cmTC_d4461.dir/CMakeCCompilerABI.c.o -lgcc --as-needed -lgcc_s --no-as-needed -lc -lgcc --as-needed -lgcc_s --no-as-needed /usr/lib/crtend.o /usr/lib/crtn.o
gmake[1]: Leaving directory '/usr/home/t.sato/nfs/t.sato/DBM/build/CMakeFiles/CMakeTmp'


Parsed C implicit link information from above output:
  link line regex: [^( *|.*[/\])(ld|([^/\]+-)?ld|collect2)[^/\]*( |$)]
  ignore line: [Change Dir: /home/t.sato/Work/DBM/build/CMakeFiles/CMakeTmp]
  ignore line: []
  ignore line: [Run Build Command:"/usr/local/bin/gmake" "cmTC_d4461/fast"]
  ignore line: [/usr/local/bin/gmake -f CMakeFiles/cmTC_d4461.dir/build.make CMakeFiles/cmTC_d4461.dir/build]
  ignore line: [gmake[1]: Entering directory '/usr/home/t.sato/nfs/t.sato/DBM/build/CMakeFiles/CMakeTmp']
  ignore line: [Building C object CMakeFiles/cmTC_d4461.dir/CMakeCCompilerABI.c.o]
  ignore line: [/usr/bin/cc    -o CMakeFiles/cmTC_d4461.dir/CMakeCCompilerABI.c.o   -c /usr/local/share/cmake/Modules/CMakeCCompilerABI.c]
  ignore line: [Linking C executable cmTC_d4461]
  ignore line: [/usr/local/bin/cmake -E cmake_link_script CMakeFiles/cmTC_d4461.dir/link.txt --verbose=1]
  ignore line: [/usr/bin/cc      -v CMakeFiles/cmTC_d4461.dir/CMakeCCompilerABI.c.o  -o cmTC_d4461   ]
  ignore line: [FreeBSD clang version 3.4.1 (tags/RELEASE_34/dot1-final 208032) 20140512]
  ignore line: [Target: x86_64-unknown-freebsd10.2]
  ignore line: [Thread model: posix]
  ignore line: [Selected GCC installation: ]
  link line: [ "/usr/bin/ld" --eh-frame-hdr -dynamic-linker /libexec/ld-elf.so.1 --hash-style=both --enable-new-dtags -o cmTC_d4461 /usr/lib/crt1.o /usr/lib/crti.o /usr/lib/crtbegin.o -L/usr/lib CMakeFiles/cmTC_d4461.dir/CMakeCCompilerABI.c.o -lgcc --as-needed -lgcc_s --no-as-needed -lc -lgcc --as-needed -lgcc_s --no-as-needed /usr/lib/crtend.o /usr/lib/crtn.o]
    arg [/usr/bin/ld] ==> ignore
    arg [--eh-frame-hdr] ==> ignore
    arg [-dynamic-linker] ==> ignore
    arg [/libexec/ld-elf.so.1] ==> ignore
    arg [--hash-style=both] ==> ignore
    arg [--enable-new-dtags] ==> ignore
    arg [-o] ==> ignore
    arg [cmTC_d4461] ==> ignore
    arg [/usr/lib/crt1.o] ==> ignore
    arg [/usr/lib/crti.o] ==> ignore
    arg [/usr/lib/crtbegin.o] ==> ignore
    arg [-L/usr/lib] ==> dir [/usr/lib]
    arg [CMakeFiles/cmTC_d4461.dir/CMakeCCompilerABI.c.o] ==> ignore
    arg [-lgcc] ==> lib [gcc]
    arg [--as-needed] ==> ignore
    arg [-lgcc_s] ==> lib [gcc_s]
    arg [--no-as-needed] ==> ignore
    arg [-lc] ==> lib [c]
    arg [-lgcc] ==> lib [gcc]
    arg [--as-needed] ==> ignore
    arg [-lgcc_s] ==> lib [gcc_s]
    arg [--no-as-needed] ==> ignore
    arg [/usr/lib/crtend.o] ==> ignore
    arg [/usr/lib/crtn.o] ==> ignore
  remove lib [gcc]
  remove lib [gcc_s]
  remove lib [gcc]
  remove lib [gcc_s]
  collapse library dir [/usr/lib] ==> [/usr/lib]
  implicit libs: [c]
  implicit dirs: [/usr/lib]
  implicit fwks: []




Detecting C [-std=c11] compiler features compiled with the following output:
Change Dir: /home/t.sato/Work/DBM/build/CMakeFiles/CMakeTmp

Run Build Command:"/usr/local/bin/gmake" "cmTC_ea28e/fast"
/usr/local/bin/gmake -f CMakeFiles/cmTC_ea28e.dir/build.make CMakeFiles/cmTC_ea28e.dir/build
gmake[1]: Entering directory '/usr/home/t.sato/nfs/t.sato/DBM/build/CMakeFiles/CMakeTmp'
Building C object CMakeFiles/cmTC_ea28e.dir/feature_tests.c.o
/usr/bin/cc   -std=c11 -o CMakeFiles/cmTC_ea28e.dir/feature_tests.c.o   -c /home/t.sato/Work/DBM/build/CMakeFiles/feature_tests.c
Linking C executable cmTC_ea28e
/usr/local/bin/cmake -E cmake_link_script CMakeFiles/cmTC_ea28e.dir/link.txt --verbose=1
/usr/bin/cc       CMakeFiles/cmTC_ea28e.dir/feature_tests.c.o  -o cmTC_ea28e  
gmake[1]: Leaving directory '/usr/home/t.sato/nfs/t.sato/DBM/build/CMakeFiles/CMakeTmp'


    Feature record: C_FEATURE:1c_function_prototypes
    Feature record: C_FEATURE:1c_restrict
    Feature record: C_FEATURE:1c_static_assert
    Feature record: C_FEATURE:1c_variadic_macros


Detecting C [-std=c99] compiler features compiled with the following output:
Change Dir: /home/t.sato/Work/DBM/build/CMakeFiles/CMakeTmp

Run Build Command:"/usr/local/bin/gmake" "cmTC_df8e2/fast"
/usr/local/bin/gmake -f CMakeFiles/cmTC_df8e2.dir/build.make CMakeFiles/cmTC_df8e2.dir/build
gmake[1]: Entering directory '/usr/home/t.sato/nfs/t.sato/DBM/build/CMakeFiles/CMakeTmp'
Building C object CMakeFiles/cmTC_df8e2.dir/feature_tests.c.o
/usr/bin/cc   -std=c99 -o CMakeFiles/cmTC_df8e2.dir/feature_tests.c.o   -c /home/t.sato/Work/DBM/build/CMakeFiles/feature_tests.c
Linking C executable cmTC_df8e2
/usr/local/bin/cmake -E cmake_link_script CMakeFiles/cmTC_df8e2.dir/link.txt --verbose=1
/usr/bin/cc       CMakeFiles/cmTC_df8e2.dir/feature_tests.c.o  -o cmTC_df8e2  
gmake[1]: Leaving directory '/usr/home/t.sato/nfs/t.sato/DBM/build/CMakeFiles/CMakeTmp'


    Feature record: C_FEATURE:1c_function_prototypes
    Feature record: C_FEATURE:1c_restrict
    Feature record: C_FEATURE:0c_static_assert
    Feature record: C_FEATURE:1c_variadic_macros


Detecting C [-std=c90] compiler features compiled with the following output:
Change Dir: /home/t.sato/Work/DBM/build/CMakeFiles/CMakeTmp

Run Build Command:"/usr/local/bin/gmake" "cmTC_57308/fast"
/usr/local/bin/gmake -f CMakeFiles/cmTC_57308.dir/build.make CMakeFiles/cmTC_57308.dir/build
gmake[1]: Entering directory '/usr/home/t.sato/nfs/t.sato/DBM/build/CMakeFiles/CMakeTmp'
Building C object CMakeFiles/cmTC_57308.dir/feature_tests.c.o
/usr/bin/cc   -std=c90 -o CMakeFiles/cmTC_57308.dir/feature_tests.c.o   -c /home/t.sato/Work/DBM/build/CMakeFiles/feature_tests.c
Linking C executable cmTC_57308
/usr/local/bin/cmake -E cmake_link_script CMakeFiles/cmTC_57308.dir/link.txt --verbose=1
/usr/bin/cc       CMakeFiles/cmTC_57308.dir/feature_tests.c.o  -o cmTC_57308  
gmake[1]: Leaving directory '/usr/home/t.sato/nfs/t.sato/DBM/build/CMakeFiles/CMakeTmp'


    Feature record: C_FEATURE:1c_function_prototypes
    Feature record: C_FEATURE:0c_restrict
    Feature record: C_FEATURE:0c_static_assert
    Feature record: C_FEATURE:0c_variadic_macros
Determining if the CXX compiler works passed with the following output:
Change Dir: /home/t.sato/Work/DBM/build/CMakeFiles/CMakeTmp

Run Build Command:"/usr/local/bin/gmake" "cmTC_a9b0d/fast"
/usr/local/bin/gmake -f CMakeFiles/cmTC_a9b0d.dir/build.make CMakeFiles/cmTC_a9b0d.dir/build
gmake[1]: Entering directory '/usr/home/t.sato/nfs/t.sato/DBM/build/CMakeFiles/CMakeTmp'
Building CXX object CMakeFiles/cmTC_a9b0d.dir/testCXXCompiler.cxx.o
/usr/bin/CC     -o CMakeFiles/cmTC_a9b0d.dir/testCXXCompiler.cxx.o -c /home/t.sato/Work/DBM/build/CMakeFiles/CMakeTmp/testCXXCompiler.cxx
Linking CXX executable cmTC_a9b0d
/usr/local/bin/cmake -E cmake_link_script CMakeFiles/cmTC_a9b0d.dir/link.txt --verbose=1
/usr/bin/CC        CMakeFiles/cmTC_a9b0d.dir/testCXXCompiler.cxx.o  -o cmTC_a9b0d  
gmake[1]: Leaving directory '/usr/home/t.sato/nfs/t.sato/DBM/build/CMakeFiles/CMakeTmp'


Detecting CXX compiler ABI info compiled with the following output:
Change Dir: /home/t.sato/Work/DBM/build/CMakeFiles/CMakeTmp

Run Build Command:"/usr/local/bin/gmake" "cmTC_94314/fast"
/usr/local/bin/gmake -f CMakeFiles/cmTC_94314.dir/build.make CMakeFiles/cmTC_94314.dir/build
gmake[1]: Entering directory '/usr/home/t.sato/nfs/t.sato/DBM/build/CMakeFiles/CMakeTmp'
Building CXX object CMakeFiles/cmTC_94314.dir/CMakeCXXCompilerABI.cpp.o
/usr/bin/CC     -o CMakeFiles/cmTC_94314.dir/CMakeCXXCompilerABI.cpp.o -c /usr/local/share/cmake/Modules/CMakeCXXCompilerABI.cpp
Linking CXX executable cmTC_94314
/usr/local/bin/cmake -E cmake_link_script CMakeFiles/cmTC_94314.dir/link.txt --verbose=1
/usr/bin/CC       -v CMakeFiles/cmTC_94314.dir/CMakeCXXCompilerABI.cpp.o  -o cmTC_94314   
FreeBSD clang version 3.4.1 (tags/RELEASE_34/dot1-final 208032) 20140512
Target: x86_64-unknown-freebsd10.2
Thread model: posix
Selected GCC installation: 
 "/usr/bin/ld" --eh-frame-hdr -dynamic-linker /libexec/ld-elf.so.1 --hash-style=both --enable-new-dtags -o cmTC_94314 /usr/lib/crt1.o /usr/lib/crti.o /usr/lib/crtbegin.o -L/usr/lib CMakeFiles/cmTC_94314.dir/CMakeCXXCompilerABI.cpp.o -lc++ -lm -lgcc --as-needed -lgcc_s --no-as-needed -lc -lgcc --as-needed -lgcc_s --no-as-needed /usr/lib/crtend.o /usr/lib/crtn.o
gmake[1]: Leaving directory '/usr/home/t.sato/nfs/t.sato/DBM/build/CMakeFiles/CMakeTmp'


Parsed CXX implicit link information from above output:
  link line regex: [^( *|.*[/\])(ld|([^/\]+-)?ld|collect2)[^/\]*( |$)]
  ignore line: [Change Dir: /home/t.sato/Work/DBM/build/CMakeFiles/CMakeTmp]
  ignore line: []
  ignore line: [Run Build Command:"/usr/local/bin/gmake" "cmTC_94314/fast"]
  ignore line: [/usr/local/bin/gmake -f CMakeFiles/cmTC_94314.dir/build.make CMakeFiles/cmTC_94314.dir/build]
  ignore line: [gmake[1]: Entering directory '/usr/home/t.sato/nfs/t.sato/DBM/build/CMakeFiles/CMakeTmp']
  ignore line: [Building CXX object CMakeFiles/cmTC_94314.dir/CMakeCXXCompilerABI.cpp.o]
  ignore line: [/usr/bin/CC     -o CMakeFiles/cmTC_94314.dir/CMakeCXXCompilerABI.cpp.o -c /usr/local/share/cmake/Modules/CMakeCXXCompilerABI.cpp]
  ignore line: [Linking CXX executable cmTC_94314]
  ignore line: [/usr/local/bin/cmake -E cmake_link_script CMakeFiles/cmTC_94314.dir/link.txt --verbose=1]
  ignore line: [/usr/bin/CC       -v CMakeFiles/cmTC_94314.dir/CMakeCXXCompilerABI.cpp.o  -o cmTC_94314   ]
  ignore line: [FreeBSD clang version 3.4.1 (tags/RELEASE_34/dot1-final 208032) 20140512]
  ignore line: [Target: x86_64-unknown-freebsd10.2]
  ignore line: [Thread model: posix]
  ignore line: [Selected GCC installation: ]
  link line: [ "/usr/bin/ld" --eh-frame-hdr -dynamic-linker /libexec/ld-elf.so.1 --hash-style=both --enable-new-dtags -o cmTC_94314 /usr/lib/crt1.o /usr/lib/crti.o /usr/lib/crtbegin.o -L/usr/lib CMakeFiles/cmTC_94314.dir/CMakeCXXCompilerABI.cpp.o -lc++ -lm -lgcc --as-needed -lgcc_s --no-as-needed -lc -lgcc --as-needed -lgcc_s --no-as-needed /usr/lib/crtend.o /usr/lib/crtn.o]
    arg [/usr/bin/ld] ==> ignore
    arg [--eh-frame-hdr] ==> ignore
    arg [-dynamic-linker] ==> ignore
    arg [/libexec/ld-elf.so.1] ==> ignore
    arg [--hash-style=both] ==> ignore
    arg [--enable-new-dtags] ==> ignore
    arg [-o] ==> ignore
    arg [cmTC_94314] ==> ignore
    arg [/usr/lib/crt1.o] ==> ignore
    arg [/usr/lib/crti.o] ==> ignore
    arg [/usr/lib/crtbegin.o] ==> ignore
    arg [-L/usr/lib] ==> dir [/usr/lib]
    arg [CMakeFiles/cmTC_94314.dir/CMakeCXXCompilerABI.cpp.o] ==> ignore
    arg [-lc++] ==> lib [c++]
    arg [-lm] ==> lib [m]
    arg [-lgcc] ==> lib [gcc]
    arg [--as-needed] ==> ignore
    arg [-lgcc_s] ==> lib [gcc_s]
    arg [--no-as-needed] ==> ignore
    arg [-lc] ==> lib [c]
    arg [-lgcc] ==> lib [gcc]
    arg [--as-needed] ==> ignore
    arg [-lgcc_s] ==> lib [gcc_s]
    arg [--no-as-needed] ==> ignore
    arg [/usr/lib/crtend.o] ==> ignore
    arg [/usr/lib/crtn.o] ==> ignore
  remove lib [gcc]
  remove lib [gcc_s]
  remove lib [gcc]
  remove lib [gcc_s]
  collapse library dir [/usr/lib] ==> [/usr/lib]
  implicit libs: [c++;m;c]
  implicit dirs: [/usr/lib]
  implicit fwks: []




Detecting CXX [-std=c++1y] compiler features compiled with the following output:
Change Dir: /home/t.sato/Work/DBM/build/CMakeFiles/CMakeTmp

Run Build Command:"/usr/local/bin/gmake" "cmTC_21c45/fast"
/usr/local/bin/gmake -f CMakeFiles/cmTC_21c45.dir/build.make CMakeFiles/cmTC_21c45.dir/build
gmake[1]: Entering directory '/usr/home/t.sato/nfs/t.sato/DBM/build/CMakeFiles/CMakeTmp'
Building CXX object CMakeFiles/cmTC_21c45.dir/feature_tests.cxx.o
/usr/bin/CC    -std=c++1y -o CMakeFiles/cmTC_21c45.dir/feature_tests.cxx.o -c /home/t.sato/Work/DBM/build/CMakeFiles/feature_tests.cxx
Linking CXX executable cmTC_21c45
/usr/local/bin/cmake -E cmake_link_script CMakeFiles/cmTC_21c45.dir/link.txt --verbose=1
/usr/bin/CC        CMakeFiles/cmTC_21c45.dir/feature_tests.cxx.o  -o cmTC_21c45  
gmake[1]: Leaving directory '/usr/home/t.sato/nfs/t.sato/DBM/build/CMakeFiles/CMakeTmp'


    Feature record: CXX_FEATURE:1cxx_aggregate_default_initializers
    Feature record: CXX_FEATURE:1cxx_alias_templates
    Feature record: CXX_FEATURE:1cxx_alignas
    Feature record: CXX_FEATURE:1cxx_alignof
    Feature record: CXX_FEATURE:1cxx_attributes
    Feature record: CXX_FEATURE:1cxx_attribute_deprecated
    Feature record: CXX_FEATURE:1cxx_auto_type
    Feature record: CXX_FEATURE:1cxx_binary_literals
    Feature record: CXX_FEATURE:1cxx_constexpr
    Feature record: CXX_FEATURE:1cxx_contextual_conversions
    Feature record: CXX_FEATURE:1cxx_decltype
    Feature record: CXX_FEATURE:1cxx_decltype_auto
    Feature record: CXX_FEATURE:1cxx_decltype_incomplete_return_types
    Feature record: CXX_FEATURE:1cxx_default_function_template_args
    Feature record: CXX_FEATURE:1cxx_defaulted_functions
    Feature record: CXX_FEATURE:1cxx_defaulted_move_initializers
    Feature record: CXX_FEATURE:1cxx_delegating_constructors
    Feature record: CXX_FEATURE:1cxx_deleted_functions
    Feature record: CXX_FEATURE:1cxx_digit_separators
    Feature record: CXX_FEATURE:1cxx_enum_forward_declarations
    Feature record: CXX_FEATURE:1cxx_explicit_conversions
    Feature record: CXX_FEATURE:1cxx_extended_friend_declarations
    Feature record: CXX_FEATURE:1cxx_extern_templates
    Feature record: CXX_FEATURE:1cxx_final
    Feature record: CXX_FEATURE:1cxx_func_identifier
    Feature record: CXX_FEATURE:1cxx_generalized_initializers
    Feature record: CXX_FEATURE:1cxx_generic_lambdas
    Feature record: CXX_FEATURE:1cxx_inheriting_constructors
    Feature record: CXX_FEATURE:1cxx_inline_namespaces
    Feature record: CXX_FEATURE:1cxx_lambdas
    Feature record: CXX_FEATURE:1cxx_lambda_init_captures
    Feature record: CXX_FEATURE:1cxx_local_type_template_args
    Feature record: CXX_FEATURE:1cxx_long_long_type
    Feature record: CXX_FEATURE:1cxx_noexcept
    Feature record: CXX_FEATURE:1cxx_nonstatic_member_init
    Feature record: CXX_FEATURE:1cxx_nullptr
    Feature record: CXX_FEATURE:1cxx_override
    Feature record: CXX_FEATURE:1cxx_range_for
    Feature record: CXX_FEATURE:1cxx_raw_string_literals
    Feature record: CXX_FEATURE:1cxx_reference_qualified_functions
    Feature record: CXX_FEATURE:1cxx_relaxed_constexpr
    Feature record: CXX_FEATURE:1cxx_return_type_deduction
    Feature record: CXX_FEATURE:1cxx_right_angle_brackets
    Feature record: CXX_FEATURE:1cxx_rvalue_references
    Feature record: CXX_FEATURE:1cxx_sizeof_member
    Feature record: CXX_FEATURE:1cxx_static_assert
    Feature record: CXX_FEATURE:1cxx_strong_enums
    Feature record: CXX_FEATURE:1cxx_template_template_parameters
    Feature record: CXX_FEATURE:1cxx_thread_local
    Feature record: CXX_FEATURE:1cxx_trailing_return_types
    Feature record: CXX_FEATURE:1cxx_unicode_literals
    Feature record: CXX_FEATURE:1cxx_uniform_initialization
    Feature record: CXX_FEATURE:1cxx_unrestricted_unions
    Feature record: CXX_FEATURE:1cxx_user_literals
    Feature record: CXX_FEATURE:1cxx_variable_templates
    Feature record: CXX_FEATURE:1cxx_variadic_macros
    Feature record: CXX_FEATURE:1cxx_variadic_templates


Detecting CXX [-std=c++11] compiler features compiled with the following output:
Change Dir: /home/t.sato/Work/DBM/build/CMakeFiles/CMakeTmp

Run Build Command:"/usr/local/bin/gmake" "cmTC_2822d/fast"
/usr/local/bin/gmake -f CMakeFiles/cmTC_2822d.dir/build.make CMakeFiles/cmTC_2822d.dir/build
gmake[1]: Entering directory '/usr/home/t.sato/nfs/t.sato/DBM/build/CMakeFiles/CMakeTmp'
Building CXX object CMakeFiles/cmTC_2822d.dir/feature_tests.cxx.o
/usr/bin/CC    -std=c++11 -o CMakeFiles/cmTC_2822d.dir/feature_tests.cxx.o -c /home/t.sato/Work/DBM/build/CMakeFiles/feature_tests.cxx
Linking CXX executable cmTC_2822d
/usr/local/bin/cmake -E cmake_link_script CMakeFiles/cmTC_2822d.dir/link.txt --verbose=1
/usr/bin/CC        CMakeFiles/cmTC_2822d.dir/feature_tests.cxx.o  -o cmTC_2822d  
gmake[1]: Leaving directory '/usr/home/t.sato/nfs/t.sato/DBM/build/CMakeFiles/CMakeTmp'


    Feature record: CXX_FEATURE:0cxx_aggregate_default_initializers
    Feature record: CXX_FEATURE:1cxx_alias_templates
    Feature record: CXX_FEATURE:1cxx_alignas
    Feature record: CXX_FEATURE:1cxx_alignof
    Feature record: CXX_FEATURE:1cxx_attributes
    Feature record: CXX_FEATURE:0cxx_attribute_deprecated
    Feature record: CXX_FEATURE:1cxx_auto_type
    Feature record: CXX_FEATURE:0cxx_binary_literals
    Feature record: CXX_FEATURE:1cxx_constexpr
    Feature record: CXX_FEATURE:0cxx_contextual_conversions
    Feature record: CXX_FEATURE:1cxx_decltype
    Feature record: CXX_FEATURE:0cxx_decltype_auto
    Feature record: CXX_FEATURE:1cxx_decltype_incomplete_return_types
    Feature record: CXX_FEATURE:1cxx_default_function_template_args
    Feature record: CXX_FEATURE:1cxx_defaulted_functions
    Feature record: CXX_FEATURE:1cxx_defaulted_move_initializers
    Feature record: CXX_FEATURE:1cxx_delegating_constructors
    Feature record: CXX_FEATURE:1cxx_deleted_functions
    Feature record: CXX_FEATURE:0cxx_digit_separators
    Feature record: CXX_FEATURE:1cxx_enum_forward_declarations
    Feature record: CXX_FEATURE:1cxx_explicit_conversions
    Feature record: CXX_FEATURE:1cxx_extended_friend_declarations
    Feature record: CXX_FEATURE:1cxx_extern_templates
    Feature record: CXX_FEATURE:1cxx_final
    Feature record: CXX_FEATURE:1cxx_func_identifier
    Feature record: CXX_FEATURE:1cxx_generalized_initializers
    Feature record: CXX_FEATURE:0cxx_generic_lambdas
    Feature record: CXX_FEATURE:1cxx_inheriting_constructors
    Feature record: CXX_FEATURE:1cxx_inline_namespaces
    Feature record: CXX_FEATURE:1cxx_lambdas
    Feature record: CXX_FEATURE:0cxx_lambda_init_captures
    Feature record: CXX_FEATURE:1cxx_local_type_template_args
    Feature record: CXX_FEATURE:1cxx_long_long_type
    Feature record: CXX_FEATURE:1cxx_noexcept
    Feature record: CXX_FEATURE:1cxx_nonstatic_member_init
    Feature record: CXX_FEATURE:1cxx_nullptr
    Feature record: CXX_FEATURE:1cxx_override
    Feature record: CXX_FEATURE:1cxx_range_for
    Feature record: CXX_FEATURE:1cxx_raw_string_literals
    Feature record: CXX_FEATURE:1cxx_reference_qualified_functions
    Feature record: CXX_FEATURE:0cxx_relaxed_constexpr
    Feature record: CXX_FEATURE:0cxx_return_type_deduction
    Feature record: CXX_FEATURE:1cxx_right_angle_brackets
    Feature record: CXX_FEATURE:1cxx_rvalue_references
    Feature record: CXX_FEATURE:1cxx_sizeof_member
    Feature record: CXX_FEATURE:1cxx_static_assert
    Feature record: CXX_FEATURE:1cxx_strong_enums
    Feature record: CXX_FEATURE:1cxx_template_template_parameters
    Feature record: CXX_FEATURE:1cxx_thread_local
    Feature record: CXX_FEATURE:1cxx_trailing_return_types
    Feature record: CXX_FEATURE:1cxx_unicode_literals
    Feature record: CXX_FEATURE:1cxx_uniform_initialization
    Feature record: CXX_FEATURE:1cxx_unrestricted_unions
    Feature record: CXX_FEATURE:1cxx_user_literals
    Feature record: CXX_FEATURE:0cxx_variable_templates
    Feature record: CXX_FEATURE:1cxx_variadic_macros
    Feature record: CXX_FEATURE:1cxx_variadic_templates


Detecting CXX [-std=c++98] compiler features compiled with the following output:
Change Dir: /home/t.sato/Work/DBM/build/CMakeFiles/CMakeTmp

Run Build Command:"/usr/local/bin/gmake" "cmTC_d6b4a/fast"
/usr/local/bin/gmake -f CMakeFiles/cmTC_d6b4a.dir/build.make CMakeFiles/cmTC_d6b4a.dir/build
gmake[1]: Entering directory '/usr/home/t.sato/nfs/t.sato/DBM/build/CMakeFiles/CMakeTmp'
Building CXX object CMakeFiles/cmTC_d6b4a.dir/feature_tests.cxx.o
/usr/bin/CC    -std=c++98 -o CMakeFiles/cmTC_d6b4a.dir/feature_tests.cxx.o -c /home/t.sato/Work/DBM/build/CMakeFiles/feature_tests.cxx
Linking CXX executable cmTC_d6b4a
/usr/local/bin/cmake -E cmake_link_script CMakeFiles/cmTC_d6b4a.dir/link.txt --verbose=1
/usr/bin/CC        CMakeFiles/cmTC_d6b4a.dir/feature_tests.cxx.o  -o cmTC_d6b4a  
gmake[1]: Leaving directory '/usr/home/t.sato/nfs/t.sato/DBM/build/CMakeFiles/CMakeTmp'


    Feature record: CXX_FEATURE:0cxx_aggregate_default_initializers
    Feature record: CXX_FEATURE:0cxx_alias_templates
    Feature record: CXX_FEATURE:0cxx_alignas
    Feature record: CXX_FEATURE:0cxx_alignof
    Feature record: CXX_FEATURE:0cxx_attributes
    Feature record: CXX_FEATURE:0cxx_attribute_deprecated
    Feature record: CXX_FEATURE:0cxx_auto_type
    Feature record: CXX_FEATURE:0cxx_binary_literals
    Feature record: CXX_FEATURE:0cxx_constexpr
    Feature record: CXX_FEATURE:0cxx_contextual_conversions
    Feature record: CXX_FEATURE:0cxx_decltype
    Feature record: CXX_FEATURE:0cxx_decltype_auto
    Feature record: CXX_FEATURE:0cxx_decltype_incomplete_return_types
    Feature record: CXX_FEATURE:0cxx_default_function_template_args
    Feature record: CXX_FEATURE:0cxx_defaulted_functions
    Feature record: CXX_FEATURE:0cxx_defaulted_move_initializers
    Feature record: CXX_FEATURE:0cxx_delegating_constructors
    Feature record: CXX_FEATURE:0cxx_deleted_functions
    Feature record: CXX_FEATURE:0cxx_digit_separators
    Feature record: CXX_FEATURE:0cxx_enum_forward_declarations
    Feature record: CXX_FEATURE:0cxx_explicit_conversions
    Feature record: CXX_FEATURE:0cxx_extended_friend_declarations
    Feature record: CXX_FEATURE:0cxx_extern_templates
    Feature record: CXX_FEATURE:0cxx_final
    Feature record: CXX_FEATURE:0cxx_func_identifier
    Feature record: CXX_FEATURE:0cxx_generalized_initializers
    Feature record: CXX_FEATURE:0cxx_generic_lambdas
    Feature record: CXX_FEATURE:0cxx_inheriting_constructors
    Feature record: CXX_FEATURE:0cxx_inline_namespaces
    Feature record: CXX_FEATURE:0cxx_lambdas
    Feature record: CXX_FEATURE:0cxx_lambda_init_captures
    Feature record: CXX_FEATURE:0cxx_local_type_template_args
    Feature record: CXX_FEATURE:0cxx_long_long_type
    Feature record: CXX_FEATURE:0cxx_noexcept
    Feature record: CXX_FEATURE:0cxx_nonstatic_member_init
    Feature record: CXX_FEATURE:0cxx_nullptr
    Feature record: CXX_FEATURE:0cxx_override
    Feature record: CXX_FEATURE:0cxx_range_for
    Feature record: CXX_FEATURE:0cxx_raw_string_literals
    Feature record: CXX_FEATURE:0cxx_reference_qualified_functions
    Feature record: CXX_FEATURE:0cxx_relaxed_constexpr
    Feature record: CXX_FEATURE:0cxx_return_type_deduction
    Feature record: CXX_FEATURE:0cxx_right_angle_brackets
    Feature record: CXX_FEATURE:0cxx_rvalue_references
    Feature record: CXX_FEATURE:0cxx_sizeof_member
    Feature record: CXX_FEATURE:0cxx_static_assert
    Feature record: CXX_FEATURE:0cxx_strong_enums
    Feature record: CXX_FEATURE:1cxx_template_template_parameters
    Feature record: CXX_FEATURE:0cxx_thread_local
    Feature record: CXX_FEATURE:0cxx_trailing_return_types
    Feature record: CXX_FEATURE:0cxx_unicode_literals
    Feature record: CXX_FEATURE:0cxx_uniform_initialization
    Feature record: CXX_FEATURE:0cxx_unrestricted_unions
    Feature record: CXX_FEATURE:0cxx_user_literals
    Feature record: CXX_FEATURE:0cxx_variable_templates
    Feature record: CXX_FEATURE:0cxx_variadic_macros
    Feature record: CXX_FEATURE:0cxx_variadic_templates
